# JRE version: OpenJDK Runtime Environment Temurin-17.0.18+8 (17.0.18+8) (build 17.0.18+8)
# Java VM: OpenJDK 64-Bit Server VM Temurin-17.0.18+8 (17.0.18+8, mixed mode, sharing, tiered, compressed oops, compressed class ptrs, g1 gc, windows-amd64)
GC Precious Log:
 CPUs: 12 total, 12 available
 Memory: 7501M
 Large Page Support: Disabled
 NUMA Support: Disabled
 Compressed Oops: Enabled (32-bit)
 Heap Region Size: 1M
 Heap Min Capacity: 8M
 Heap Initial Capacity: 118M
 Heap Max Capacity: 1876M
 Pre-touch: Disabled
 Parallel Workers: 10
 Concurrent Workers: 3
 Concurrent Refinement Workers: 10
 Periodic GC: Disabled
Heap:
 garbage-first heap   total 120832K, used 24569K [0x000000008ac00000, 0x0000000100000000)
  region size 1024K, 13 young (13312K), 3 survivors (3072K)
 Metaspace       used 15884K, committed 16064K, reserved 1114112K
  class space    used 1840K, committed 1920K, reserved 1048576K
GC Heap History (8 events):
Event: 2.255 GC heap before
{Heap before GC invocations=0 (full 0):
 garbage-first heap   total 120832K, used 23552K [0x000000008ac00000, 0x0000000100000000)
  region size 1024K, 23 young (23552K), 0 survivors (0K)
 Metaspace       used 5382K, committed 5568K, reserved 1114112K
  class space    used 644K, committed 768K, reserved 1048576K
}
Event: 2.270 GC heap after
{Heap after GC invocations=1 (full 0):
 garbage-first heap   total 120832K, used 3792K [0x000000008ac00000, 0x0000000100000000)
  region size 1024K, 3 young (3072K), 3 survivors (3072K)
 Metaspace       used 5382K, committed 5568K, reserved 1114112K
  class space    used 644K, committed 768K, reserved 1048576K
}
Event: 3.133 GC heap before
{Heap before GC invocations=1 (full 0):
 garbage-first heap   total 120832K, used 34512K [0x000000008ac00000, 0x0000000100000000)
  region size 1024K, 33 young (33792K), 3 survivors (3072K)
 Metaspace       used 8787K, committed 9024K, reserved 1114112K
  class space    used 1050K, committed 1152K, reserved 1048576K
}
Event: 3.141 GC heap after
{Heap after GC invocations=2 (full 0):
 garbage-first heap   total 120832K, used 5108K [0x000000008ac00000, 0x0000000100000000)
  region size 1024K, 2 young (2048K), 2 survivors (2048K)
 Metaspace       used 8787K, committed 9024K, reserved 1114112K
  class space    used 1050K, committed 1152K, reserved 1048576K
}
Event: 9.682 GC heap before
{Heap before GC invocations=2 (full 0):
 garbage-first heap   total 120832K, used 74740K [0x000000008ac00000, 0x0000000100000000)
  region size 1024K, 70 young (71680K), 2 survivors (2048K)
 Metaspace       used 15232K, committed 15424K, reserved 1114112K
  class space    used 1829K, committed 1920K, reserved 1048576K
}
Event: 9.700 GC heap after
{Heap after GC invocations=3 (full 0):
 garbage-first heap   total 120832K, used 12489K [0x000000008ac00000, 0x0000000100000000)
  region size 1024K, 9 young (9216K), 9 survivors (9216K)
 Metaspace       used 15232K, committed 15424K, reserved 1114112K
  class space    used 1829K, committed 1920K, reserved 1048576K
}
Event: 14.715 GC heap before
{Heap before GC invocations=3 (full 0):
 garbage-first heap   total 120832K, used 74953K [0x000000008ac00000, 0x0000000100000000)
  region size 1024K, 70 young (71680K), 9 survivors (9216K)
 Metaspace       used 15835K, committed 16064K, reserved 1114112K
  class space    used 1840K, committed 1920K, reserved 1048576K
}
Event: 14.733 GC heap after
{Heap after GC invocations=4 (full 0):
 garbage-first heap   total 120832K, used 15353K [0x000000008ac00000, 0x0000000100000000)
  region size 1024K, 3 young (3072K), 3 survivors (3072K)
 Metaspace       used 15835K, committed 16064K, reserved 1114112K
  class space    used 1840K, committed 1920K, reserved 1048576K
}

