# JRE version: OpenJDK Runtime Environment Temurin-17.0.18+8 (17.0.18+8) (build 17.0.18+8)
# Java VM: OpenJDK 64-Bit Server VM Temurin-17.0.18+8 (17.0.18+8, mixed mode, sharing, tiered, compressed oops, compressed class ptrs, serial gc, windows-amd64)
GC Precious Log:
 CPUs: 12 total, 12 available
 Memory: 7501M
 Large Page Support: Disabled
 NUMA Support: Disabled
 Compressed Oops: Enabled (32-bit)
 Heap Min Capacity: 128M
 Heap Initial Capacity: 128M
 Heap Max Capacity: 256M
 Pre-touch: Disabled
Heap:
 def new generation   total 39424K, used 13655K [0x00000000f0000000, 0x00000000f2ac0000, 0x00000000f5550000)
  eden space 35072K,  36% used [0x00000000f0000000, 0x00000000f0c68368, 0x00000000f2240000)
  from space 4352K,  21% used [0x00000000f2680000, 0x00000000f276d980, 0x00000000f2ac0000)
  to   space 4352K,   0% used [0x00000000f2240000, 0x00000000f2240000, 0x00000000f2680000)
 tenured generation   total 87424K, used 62077K [0x00000000f5550000, 0x00000000faab0000, 0x0000000100000000)
   the space 87424K,  71% used [0x00000000f5550000, 0x00000000f91ef670, 0x00000000f91ef800, 0x00000000faab0000)
 Metaspace       used 28951K, committed 29312K, reserved 1114112K
  class space    used 3239K, committed 3392K, reserved 1048576K
GC Heap History (20 events):
Event: 4.300 GC heap before
{Heap before GC invocations=3 (full 0):
 def new generation   total 39296K, used 39168K [0x00000000f0000000, 0x00000000f2aa0000, 0x00000000f5550000)
  eden space 34944K, 100% used [0x00000000f0000000, 0x00000000f2220000, 0x00000000f2220000)
  from space 4352K,  97% used [0x00000000f2660000, 0x00000000f2a803f8, 0x00000000f2aa0000)
  to   space 4352K,   0% used [0x00000000f2220000, 0x00000000f2220000, 0x00000000f2660000)
 tenured generation   total 87424K, used 5894K [0x00000000f5550000, 0x00000000faab0000, 0x0000000100000000)
   the space 87424K,   6% used [0x00000000f5550000, 0x00000000f5b118f8, 0x00000000f5b11a00, 0x00000000faab0000)
 Metaspace       used 15348K, committed 15552K, reserved 1114112K
  class space    used 1831K, committed 1920K, reserved 1048576K
}
Event: 4.317 GC heap after
{Heap after GC invocations=4 (full 0):
 def new generation   total 39296K, used 2202K [0x00000000f0000000, 0x00000000f2aa0000, 0x00000000f5550000)
  eden space 34944K,   0% used [0x00000000f0000000, 0x00000000f0000000, 0x00000000f2220000)
  from space 4352K,  50% used [0x00000000f2220000, 0x00000000f2446b80, 0x00000000f2660000)
  to   space 4352K,   0% used [0x00000000f2660000, 0x00000000f2660000, 0x00000000f2aa0000)
 tenured generation   total 87424K, used 10063K [0x00000000f5550000, 0x00000000faab0000, 0x0000000100000000)
   the space 87424K,  11% used [0x00000000f5550000, 0x00000000f5f23ec8, 0x00000000f5f24000, 0x00000000faab0000)
 Metaspace       used 15348K, committed 15552K, reserved 1114112K
  class space    used 1831K, committed 1920K, reserved 1048576K
}
Event: 5.159 GC heap before
{Heap before GC invocations=4 (full 0):
 def new generation   total 39296K, used 37146K [0x00000000f0000000, 0x00000000f2aa0000, 0x00000000f5550000)
  eden space 34944K, 100% used [0x00000000f0000000, 0x00000000f2220000, 0x00000000f2220000)
  from space 4352K,  50% used [0x00000000f2220000, 0x00000000f2446b80, 0x00000000f2660000)
  to   space 4352K,   0% used [0x00000000f2660000, 0x00000000f2660000, 0x00000000f2aa0000)
 tenured generation   total 87424K, used 10063K [0x00000000f5550000, 0x00000000faab0000, 0x0000000100000000)
   the space 87424K,  11% used [0x00000000f5550000, 0x00000000f5f23ec8, 0x00000000f5f24000, 0x00000000faab0000)
 Metaspace       used 15789K, committed 15936K, reserved 1114112K
  class space    used 1837K, committed 1920K, reserved 1048576K
}
Event: 5.168 GC heap after
{Heap after GC invocations=5 (full 0):
 def new generation   total 39296K, used 1451K [0x00000000f0000000, 0x00000000f2aa0000, 0x00000000f5550000)
  eden space 34944K,   0% used [0x00000000f0000000, 0x00000000f0000000, 0x00000000f2220000)
  from space 4352K,  33% used [0x00000000f2660000, 0x00000000f27cac48, 0x00000000f2aa0000)
  to   space 4352K,   0% used [0x00000000f2220000, 0x00000000f2220000, 0x00000000f2660000)
 tenured generation   total 87424K, used 12187K [0x00000000f5550000, 0x00000000faab0000, 0x0000000100000000)
   the space 87424K,  13% used [0x00000000f5550000, 0x00000000f6136fd0, 0x00000000f6137000, 0x00000000faab0000)
 Metaspace       used 15789K, committed 15936K, reserved 1114112K
  class space    used 1837K, committed 1920K, reserved 1048576K
}
Event: 6.252 GC heap before
{Heap before GC invocations=5 (full 0):
 def new generation   total 39296K, used 36395K [0x00000000f0000000, 0x00000000f2aa0000, 0x00000000f5550000)
  eden space 34944K, 100% used [0x00000000f0000000, 0x00000000f2220000, 0x00000000f2220000)
  from space 4352K,  33% used [0x00000000f2660000, 0x00000000f27cac48, 0x00000000f2aa0000)
  to   space 4352K,   0% used [0x00000000f2220000, 0x00000000f2220000, 0x00000000f2660000)
 tenured generation   total 87424K, used 12187K [0x00000000f5550000, 0x00000000faab0000, 0x0000000100000000)
   the space 87424K,  13% used [0x00000000f5550000, 0x00000000f6136fd0, 0x00000000f6137000, 0x00000000faab0000)
 Metaspace       used 16595K, committed 16768K, reserved 1114112K
  class space    used 1931K, committed 1984K, reserved 1048576K
}
Event: 6.262 GC heap after
{Heap after GC invocations=6 (full 0):
 def new generation   total 39296K, used 3304K [0x00000000f0000000, 0x00000000f2aa0000, 0x00000000f5550000)
  eden space 34944K,   0% used [0x00000000f0000000, 0x00000000f0000000, 0x00000000f2220000)
  from space 4352K,  75% used [0x00000000f2220000, 0x00000000f255a150, 0x00000000f2660000)
  to   space 4352K,   0% used [0x00000000f2660000, 0x00000000f2660000, 0x00000000f2aa0000)
 tenured generation   total 87424K, used 12187K [0x00000000f5550000, 0x00000000faab0000, 0x0000000100000000)
   the space 87424K,  13% used [0x00000000f5550000, 0x00000000f6136fd0, 0x00000000f6137000, 0x00000000faab0000)
 Metaspace       used 16595K, committed 16768K, reserved 1114112K
  class space    used 1931K, committed 1984K, reserved 1048576K
}
Event: 8.069 GC heap before
{Heap before GC invocations=6 (full 0):
 def new generation   total 39296K, used 38248K [0x00000000f0000000, 0x00000000f2aa0000, 0x00000000f5550000)
  eden space 34944K, 100% used [0x00000000f0000000, 0x00000000f2220000, 0x00000000f2220000)
  from space 4352K,  75% used [0x00000000f2220000, 0x00000000f255a150, 0x00000000f2660000)
  to   space 4352K,   0% used [0x00000000f2660000, 0x00000000f2660000, 0x00000000f2aa0000)
 tenured generation   total 87424K, used 12187K [0x00000000f5550000, 0x00000000faab0000, 0x0000000100000000)
   the space 87424K,  13% used [0x00000000f5550000, 0x00000000f6136fd0, 0x00000000f6137000, 0x00000000faab0000)
 Metaspace       used 19524K, committed 19904K, reserved 1114112K
  class space    used 2231K, committed 2432K, reserved 1048576K
}
Event: 8.090 GC heap after
{Heap after GC invocations=7 (full 0):
 def new generation   total 39296K, used 3639K [0x00000000f0000000, 0x00000000f2aa0000, 0x00000000f5550000)
  eden space 34944K,   0% used [0x00000000f0000000, 0x00000000f0000000, 0x00000000f2220000)
  from space 4352K,  83% used [0x00000000f2660000, 0x00000000f29ede80, 0x00000000f2aa0000)
  to   space 4352K,   0% used [0x00000000f2220000, 0x00000000f2220000, 0x00000000f2660000)
 tenured generation   total 87424K, used 13522K [0x00000000f5550000, 0x00000000faab0000, 0x0000000100000000)
   the space 87424K,  15% used [0x00000000f5550000, 0x00000000f6284870, 0x00000000f6284a00, 0x00000000faab0000)
 Metaspace       used 19524K, committed 19904K, reserved 1114112K
  class space    used 2231K, committed 2432K, reserved 1048576K
}
Event: 9.474 GC heap before
{Heap before GC invocations=7 (full 0):
 def new generation   total 39296K, used 16673K [0x00000000f0000000, 0x00000000f2aa0000, 0x00000000f5550000)
  eden space 34944K,  37% used [0x00000000f0000000, 0x00000000f0cba970, 0x00000000f2220000)
  from space 4352K,  83% used [0x00000000f2660000, 0x00000000f29ede80, 0x00000000f2aa0000)
  to   space 4352K,   0% used [0x00000000f2220000, 0x00000000f2220000, 0x00000000f2660000)
 tenured generation   total 87424K, used 13522K [0x00000000f5550000, 0x00000000faab0000, 0x0000000100000000)
   the space 87424K,  15% used [0x00000000f5550000, 0x00000000f6284870, 0x00000000f6284a00, 0x00000000faab0000)
 Metaspace       used 21187K, committed 21504K, reserved 1114112K
  class space    used 2465K, committed 2624K, reserved 1048576K
}
Event: 9.534 GC heap after
{Heap after GC invocations=8 (full 1):
 def new generation   total 39424K, used 0K [0x00000000f0000000, 0x00000000f2ac0000, 0x00000000f5550000)
  eden space 35072K,   0% used [0x00000000f0000000, 0x00000000f0000000, 0x00000000f2240000)
  from space 4352K,   0% used [0x00000000f2240000, 0x00000000f2240000, 0x00000000f2680000)
  to   space 4352K,   0% used [0x00000000f2680000, 0x00000000f2680000, 0x00000000f2ac0000)
 tenured generation   total 87424K, used 23442K [0x00000000f5550000, 0x00000000faab0000, 0x0000000100000000)
   the space 87424K,  26% used [0x00000000f5550000, 0x00000000f6c34a40, 0x00000000f6c34c00, 0x00000000faab0000)
 Metaspace       used 21187K, committed 21504K, reserved 1114112K
  class space    used 2465K, committed 2624K, reserved 1048576K
}
Event: 10.291 GC heap before
{Heap before GC invocations=8 (full 1):
 def new generation   total 39424K, used 35072K [0x00000000f0000000, 0x00000000f2ac0000, 0x00000000f5550000)
  eden space 35072K, 100% used [0x00000000f0000000, 0x00000000f2240000, 0x00000000f2240000)
  from space 4352K,   0% used [0x00000000f2240000, 0x00000000f2240000, 0x00000000f2680000)
  to   space 4352K,   0% used [0x00000000f2680000, 0x00000000f2680000, 0x00000000f2ac0000)
 tenured generation   total 87424K, used 23442K [0x00000000f5550000, 0x00000000faab0000, 0x0000000100000000)
   the space 87424K,  26% used [0x00000000f5550000, 0x00000000f6c34a40, 0x00000000f6c34c00, 0x00000000faab0000)
 Metaspace       used 25629K, committed 25984K, reserved 1114112K
  class space    used 2933K, committed 3136K, reserved 1048576K
}
Event: 10.318 GC heap after
{Heap after GC invocations=9 (full 1):
 def new generation   total 39424K, used 4352K [0x00000000f0000000, 0x00000000f2ac0000, 0x00000000f5550000)
  eden space 35072K,   0% used [0x00000000f0000000, 0x00000000f0000000, 0x00000000f2240000)
  from space 4352K, 100% used [0x00000000f2680000, 0x00000000f2ac0000, 0x00000000f2ac0000)
  to   space 4352K,   0% used [0x00000000f2240000, 0x00000000f2240000, 0x00000000f2680000)
 tenured generation   total 87424K, used 34950K [0x00000000f5550000, 0x00000000faab0000, 0x0000000100000000)
   the space 87424K,  39% used [0x00000000f5550000, 0x00000000f7771bd8, 0x00000000f7771c00, 0x00000000faab0000)
 Metaspace       used 25629K, committed 25984K, reserved 1114112K
  class space    used 2933K, committed 3136K, reserved 1048576K
}
Event: 10.778 GC heap before
{Heap before GC invocations=9 (full 1):
 def new generation   total 39424K, used 39424K [0x00000000f0000000, 0x00000000f2ac0000, 0x00000000f5550000)
  eden space 35072K, 100% used [0x00000000f0000000, 0x00000000f2240000, 0x00000000f2240000)
  from space 4352K, 100% used [0x00000000f2680000, 0x00000000f2ac0000, 0x00000000f2ac0000)
  to   space 4352K,   0% used [0x00000000f2240000, 0x00000000f2240000, 0x00000000f2680000)
 tenured generation   total 87424K, used 34950K [0x00000000f5550000, 0x00000000faab0000, 0x0000000100000000)
   the space 87424K,  39% used [0x00000000f5550000, 0x00000000f7771bd8, 0x00000000f7771c00, 0x00000000faab0000)
 Metaspace       used 25655K, committed 26048K, reserved 1114112K
  class space    used 2933K, committed 3136K, reserved 1048576K
}
Event: 10.802 GC heap after
{Heap after GC invocations=10 (full 1):
 def new generation   total 39424K, used 4351K [0x00000000f0000000, 0x00000000f2ac0000, 0x00000000f5550000)
  eden space 35072K,   0% used [0x00000000f0000000, 0x00000000f0000000, 0x00000000f2240000)
  from space 4352K,  99% used [0x00000000f2240000, 0x00000000f267fff8, 0x00000000f2680000)
  to   space 4352K,   0% used [0x00000000f2680000, 0x00000000f2680000, 0x00000000f2ac0000)
 tenured generation   total 87424K, used 45165K [0x00000000f5550000, 0x00000000faab0000, 0x0000000100000000)
   the space 87424K,  51% used [0x00000000f5550000, 0x00000000f816b4f0, 0x00000000f816b600, 0x00000000faab0000)
 Metaspace       used 25655K, committed 26048K, reserved 1114112K
  class space    used 2933K, committed 3136K, reserved 1048576K
}
Event: 11.304 GC heap before
{Heap before GC invocations=10 (full 1):
 def new generation   total 39424K, used 39423K [0x00000000f0000000, 0x00000000f2ac0000, 0x00000000f5550000)
  eden space 35072K, 100% used [0x00000000f0000000, 0x00000000f2240000, 0x00000000f2240000)
  from space 4352K,  99% used [0x00000000f2240000, 0x00000000f267fff8, 0x00000000f2680000)
  to   space 4352K,   0% used [0x00000000f2680000, 0x00000000f2680000, 0x00000000f2ac0000)
 tenured generation   total 87424K, used 45165K [0x00000000f5550000, 0x00000000faab0000, 0x0000000100000000)
   the space 87424K,  51% used [0x00000000f5550000, 0x00000000f816b4f0, 0x00000000f816b600, 0x00000000faab0000)
 Metaspace       used 26431K, committed 26816K, reserved 1114112K
  class space    used 3005K, committed 3200K, reserved 1048576K
}
Event: 11.334 GC heap after
{Heap after GC invocations=11 (full 1):
 def new generation   total 39424K, used 4352K [0x00000000f0000000, 0x00000000f2ac0000, 0x00000000f5550000)
  eden space 35072K,   0% used [0x00000000f0000000, 0x00000000f0000000, 0x00000000f2240000)
  from space 4352K, 100% used [0x00000000f2680000, 0x00000000f2ac0000, 0x00000000f2ac0000)
  to   space 4352K,   0% used [0x00000000f2240000, 0x00000000f2240000, 0x00000000f2680000)
 tenured generation   total 87424K, used 52073K [0x00000000f5550000, 0x00000000faab0000, 0x0000000100000000)
   the space 87424K,  59% used [0x00000000f5550000, 0x00000000f882a660, 0x00000000f882a800, 0x00000000faab0000)
 Metaspace       used 26431K, committed 26816K, reserved 1114112K
  class space    used 3005K, committed 3200K, reserved 1048576K
}
Event: 11.990 GC heap before
{Heap before GC invocations=11 (full 1):
 def new generation   total 39424K, used 39424K [0x00000000f0000000, 0x00000000f2ac0000, 0x00000000f5550000)
  eden space 35072K, 100% used [0x00000000f0000000, 0x00000000f2240000, 0x00000000f2240000)
  from space 4352K, 100% used [0x00000000f2680000, 0x00000000f2ac0000, 0x00000000f2ac0000)
  to   space 4352K,   0% used [0x00000000f2240000, 0x00000000f2240000, 0x00000000f2680000)
 tenured generation   total 87424K, used 52073K [0x00000000f5550000, 0x00000000faab0000, 0x0000000100000000)
   the space 87424K,  59% used [0x00000000f5550000, 0x00000000f882a660, 0x00000000f882a800, 0x00000000faab0000)
 Metaspace       used 27066K, committed 27392K, reserved 1114112K
  class space    used 3040K, committed 3200K, reserved 1048576K
}
Event: 12.025 GC heap after
{Heap after GC invocations=12 (full 1):
 def new generation   total 39424K, used 4352K [0x00000000f0000000, 0x00000000f2ac0000, 0x00000000f5550000)
  eden space 35072K,   0% used [0x00000000f0000000, 0x00000000f0000000, 0x00000000f2240000)
  from space 4352K, 100% used [0x00000000f2240000, 0x00000000f2680000, 0x00000000f2680000)
  to   space 4352K,   0% used [0x00000000f2680000, 0x00000000f2680000, 0x00000000f2ac0000)
 tenured generation   total 87424K, used 57728K [0x00000000f5550000, 0x00000000faab0000, 0x0000000100000000)
   the space 87424K,  66% used [0x00000000f5550000, 0x00000000f8db0238, 0x00000000f8db0400, 0x00000000faab0000)
 Metaspace       used 27066K, committed 27392K, reserved 1114112K
  class space    used 3040K, committed 3200K, reserved 1048576K
}
Event: 13.089 GC heap before
{Heap before GC invocations=12 (full 1):
 def new generation   total 39424K, used 39424K [0x00000000f0000000, 0x00000000f2ac0000, 0x00000000f5550000)
  eden space 35072K, 100% used [0x00000000f0000000, 0x00000000f2240000, 0x00000000f2240000)
  from space 4352K, 100% used [0x00000000f2240000, 0x00000000f2680000, 0x00000000f2680000)
  to   space 4352K,   0% used [0x00000000f2680000, 0x00000000f2680000, 0x00000000f2ac0000)
 tenured generation   total 87424K, used 57728K [0x00000000f5550000, 0x00000000faab0000, 0x0000000100000000)
   the space 87424K,  66% used [0x00000000f5550000, 0x00000000f8db0238, 0x00000000f8db0400, 0x00000000faab0000)
 Metaspace       used 28783K, committed 29120K, reserved 1114112K
  class space    used 3228K, committed 3392K, reserved 1048576K
}
Event: 13.103 GC heap after
{Heap after GC invocations=13 (full 1):
 def new generation   total 39424K, used 950K [0x00000000f0000000, 0x00000000f2ac0000, 0x00000000f5550000)
  eden space 35072K,   0% used [0x00000000f0000000, 0x00000000f0000000, 0x00000000f2240000)
  from space 4352K,  21% used [0x00000000f2680000, 0x00000000f276d980, 0x00000000f2ac0000)
  to   space 4352K,   0% used [0x00000000f2240000, 0x00000000f2240000, 0x00000000f2680000)
 tenured generation   total 87424K, used 62077K [0x00000000f5550000, 0x00000000faab0000, 0x0000000100000000)
   the space 87424K,  71% used [0x00000000f5550000, 0x00000000f91ef670, 0x00000000f91ef800, 0x00000000faab0000)
 Metaspace       used 28783K, committed 29120K, reserved 1114112K
  class space    used 3228K, committed 3392K, reserved 1048576K
}

